<?xml version="1.0" encoding="UTF-8"?>
<testng-results skipped="0" failed="0" ignored="0" total="10" passed="10">
  <reporter-output>
  </reporter-output>
  <suite name="Regression " duration-ms="136220" started-at="2018-10-11T04:50:57Z" finished-at="2018-10-11T04:53:13Z">
    <groups>
    </groups>
    <test name="Test2" duration-ms="136220" started-at="2018-10-11T04:50:57Z" finished-at="2018-10-11T04:53:13Z">
      <class name="test.testng_concept.Test1">
        <test-method status="PASS" signature="beforemethod()[pri:0, instance:test.testng_concept.Test1@1e88b3c]" name="beforemethod" is-config="true" duration-ms="27422" started-at="2018-10-11T04:52:09Z" finished-at="2018-10-11T04:52:37Z">
          <reporter-output>
          </reporter-output>
        </test-method> <!-- beforemethod -->
        <test-method status="PASS" signature="beforemethod()[pri:0, instance:test.testng_concept.Test1@1e88b3c]" name="beforemethod" is-config="true" duration-ms="29498" started-at="2018-10-11T04:52:09Z" finished-at="2018-10-11T04:52:39Z">
          <reporter-output>
          </reporter-output>
        </test-method> <!-- beforemethod -->
        <test-method status="PASS" signature="beforemethod()[pri:0, instance:test.testng_concept.Test1@1e88b3c]" name="beforemethod" is-config="true" duration-ms="24292" started-at="2018-10-11T04:52:09Z" finished-at="2018-10-11T04:52:33Z">
          <reporter-output>
          </reporter-output>
        </test-method> <!-- beforemethod -->
        <test-method status="PASS" signature="TestMethod1(java.lang.String, java.lang.String, java.lang.String)[pri:0, instance:test.testng_concept.Test1@1e88b3c]" name="TestMethod1" duration-ms="8351" started-at="2018-10-11T04:52:33Z" data-provider="credentials" finished-at="2018-10-11T04:52:42Z">
          <params>
            <param index="0">
              <value>
                <![CDATA[myemail2@gmail.com]]>
              </value>
            </param>
            <param index="1">
              <value>
                <![CDATA[abcabc]]>
              </value>
            </param>
            <param index="2">
              <value>
                <![CDATA[pass12]]>
              </value>
            </param>
          </params>
          <reporter-output>
          </reporter-output>
        </test-method> <!-- TestMethod1 -->
        <test-method status="PASS" signature="TestMethod1(java.lang.String, java.lang.String, java.lang.String)[pri:0, instance:test.testng_concept.Test1@1e88b3c]" name="TestMethod1" duration-ms="9837" started-at="2018-10-11T04:52:37Z" data-provider="credentials" finished-at="2018-10-11T04:52:46Z">
          <params>
            <param index="0">
              <value>
                <![CDATA[myemail1@gmail.com]]>
              </value>
            </param>
            <param index="1">
              <value>
                <![CDATA[abcabc]]>
              </value>
            </param>
            <param index="2">
              <value>
                <![CDATA[pass11]]>
              </value>
            </param>
          </params>
          <reporter-output>
          </reporter-output>
        </test-method> <!-- TestMethod1 -->
        <test-method status="PASS" signature="TestMethod1(java.lang.String, java.lang.String, java.lang.String)[pri:0, instance:test.testng_concept.Test1@1e88b3c]" name="TestMethod1" duration-ms="9409" started-at="2018-10-11T04:52:39Z" data-provider="credentials" finished-at="2018-10-11T04:52:48Z">
          <params>
            <param index="0">
              <value>
                <![CDATA[myemail3@gmail.com]]>
              </value>
            </param>
            <param index="1">
              <value>
                <![CDATA[abcabc]]>
              </value>
            </param>
            <param index="2">
              <value>
                <![CDATA[pass13]]>
              </value>
            </param>
          </params>
          <reporter-output>
          </reporter-output>
        </test-method> <!-- TestMethod1 -->
        <test-method status="PASS" signature="beforemethod()[pri:0, instance:test.testng_concept.Test1@1e88b3c]" name="beforemethod" is-config="true" duration-ms="19544" started-at="2018-10-11T04:52:42Z" finished-at="2018-10-11T04:53:01Z">
          <reporter-output>
          </reporter-output>
        </test-method> <!-- beforemethod -->
        <test-method status="PASS" signature="beforemethod()[pri:0, instance:test.testng_concept.Test1@1e88b3c]" name="beforemethod" is-config="true" duration-ms="18930" started-at="2018-10-11T04:52:46Z" finished-at="2018-10-11T04:53:05Z">
          <reporter-output>
          </reporter-output>
        </test-method> <!-- beforemethod -->
        <test-method status="PASS" signature="TestMethod1(java.lang.String, java.lang.String, java.lang.String)[pri:0, instance:test.testng_concept.Test1@1e88b3c]" name="TestMethod1" duration-ms="7832" started-at="2018-10-11T04:53:01Z" data-provider="credentials" finished-at="2018-10-11T04:53:09Z">
          <params>
            <param index="0">
              <value>
                <![CDATA[myemail4@gmail.com]]>
              </value>
            </param>
            <param index="1">
              <value>
                <![CDATA[abcabc]]>
              </value>
            </param>
            <param index="2">
              <value>
                <![CDATA[pass13]]>
              </value>
            </param>
          </params>
          <reporter-output>
          </reporter-output>
        </test-method> <!-- TestMethod1 -->
        <test-method status="PASS" signature="TestMethod1(java.lang.String, java.lang.String, java.lang.String)[pri:0, instance:test.testng_concept.Test1@1e88b3c]" name="TestMethod1" duration-ms="7383" started-at="2018-10-11T04:53:05Z" data-provider="credentials" finished-at="2018-10-11T04:53:13Z">
          <params>
            <param index="0">
              <value>
                <![CDATA[myemail5@gmail.com]]>
              </value>
            </param>
            <param index="1">
              <value>
                <![CDATA[abcabc]]>
              </value>
            </param>
            <param index="2">
              <value>
                <![CDATA[pass12]]>
              </value>
            </param>
          </params>
          <reporter-output>
          </reporter-output>
        </test-method> <!-- TestMethod1 -->
      </class> <!-- test.testng_concept.Test1 -->
      <class name="test.testng_concept.Test2">
        <test-method status="PASS" signature="beforemethod()[pri:0, instance:test.testng_concept.Test2@77caeb3e]" name="beforemethod" is-config="true" duration-ms="35842" started-at="2018-10-11T04:50:59Z" finished-at="2018-10-11T04:51:34Z">
          <reporter-output>
          </reporter-output>
        </test-method> <!-- beforemethod -->
        <test-method status="PASS" signature="beforemethod()[pri:0, instance:test.testng_concept.Test2@77caeb3e]" name="beforemethod" is-config="true" duration-ms="31711" started-at="2018-10-11T04:50:59Z" finished-at="2018-10-11T04:51:30Z">
          <reporter-output>
          </reporter-output>
        </test-method> <!-- beforemethod -->
        <test-method status="PASS" signature="beforemethod()[pri:0, instance:test.testng_concept.Test2@77caeb3e]" name="beforemethod" is-config="true" duration-ms="30036" started-at="2018-10-11T04:50:59Z" finished-at="2018-10-11T04:51:29Z">
          <reporter-output>
          </reporter-output>
        </test-method> <!-- beforemethod -->
        <test-method status="PASS" signature="TestMethod2(java.lang.String, java.lang.String)[pri:0, instance:test.testng_concept.Test2@77caeb3e]" name="TestMethod2" duration-ms="11268" started-at="2018-10-11T04:51:29Z" data-provider="credentials" finished-at="2018-10-11T04:51:40Z">
          <params>
            <param index="0">
              <value>
                <![CDATA[myemail3@gmail.com]]>
              </value>
            </param>
            <param index="1">
              <value>
                <![CDATA[abcabc]]>
              </value>
            </param>
          </params>
          <reporter-output>
          </reporter-output>
        </test-method> <!-- TestMethod2 -->
        <test-method status="PASS" signature="TestMethod2(java.lang.String, java.lang.String)[pri:0, instance:test.testng_concept.Test2@77caeb3e]" name="TestMethod2" duration-ms="9842" started-at="2018-10-11T04:51:30Z" data-provider="credentials" finished-at="2018-10-11T04:51:40Z">
          <params>
            <param index="0">
              <value>
                <![CDATA[myemail2@gmail.com]]>
              </value>
            </param>
            <param index="1">
              <value>
                <![CDATA[abcabc]]>
              </value>
            </param>
          </params>
          <reporter-output>
          </reporter-output>
        </test-method> <!-- TestMethod2 -->
        <test-method status="PASS" signature="TestMethod2(java.lang.String, java.lang.String)[pri:0, instance:test.testng_concept.Test2@77caeb3e]" name="TestMethod2" duration-ms="11195" started-at="2018-10-11T04:51:34Z" data-provider="credentials" finished-at="2018-10-11T04:51:46Z">
          <params>
            <param index="0">
              <value>
                <![CDATA[myemail1@gmail.com]]>
              </value>
            </param>
            <param index="1">
              <value>
                <![CDATA[abcabc]]>
              </value>
            </param>
          </params>
          <reporter-output>
          </reporter-output>
        </test-method> <!-- TestMethod2 -->
        <test-method status="PASS" signature="beforemethod()[pri:0, instance:test.testng_concept.Test2@77caeb3e]" name="beforemethod" is-config="true" duration-ms="21616" started-at="2018-10-11T04:51:40Z" finished-at="2018-10-11T04:52:02Z">
          <reporter-output>
          </reporter-output>
        </test-method> <!-- beforemethod -->
        <test-method status="PASS" signature="beforemethod()[pri:0, instance:test.testng_concept.Test2@77caeb3e]" name="beforemethod" is-config="true" duration-ms="20523" started-at="2018-10-11T04:51:40Z" finished-at="2018-10-11T04:52:01Z">
          <reporter-output>
          </reporter-output>
        </test-method> <!-- beforemethod -->
        <test-method status="PASS" signature="TestMethod2(java.lang.String, java.lang.String)[pri:0, instance:test.testng_concept.Test2@77caeb3e]" name="TestMethod2" duration-ms="7688" started-at="2018-10-11T04:52:01Z" data-provider="credentials" finished-at="2018-10-11T04:52:08Z">
          <params>
            <param index="0">
              <value>
                <![CDATA[myemail5@gmail.com]]>
              </value>
            </param>
            <param index="1">
              <value>
                <![CDATA[abcabc]]>
              </value>
            </param>
          </params>
          <reporter-output>
          </reporter-output>
        </test-method> <!-- TestMethod2 -->
        <test-method status="PASS" signature="TestMethod2(java.lang.String, java.lang.String)[pri:0, instance:test.testng_concept.Test2@77caeb3e]" name="TestMethod2" duration-ms="7441" started-at="2018-10-11T04:52:02Z" data-provider="credentials" finished-at="2018-10-11T04:52:09Z">
          <params>
            <param index="0">
              <value>
                <![CDATA[myemail4@gmail.com]]>
              </value>
            </param>
            <param index="1">
              <value>
                <![CDATA[abcabc]]>
              </value>
            </param>
          </params>
          <reporter-output>
          </reporter-output>
        </test-method> <!-- TestMethod2 -->
      </class> <!-- test.testng_concept.Test2 -->
    </test> <!-- Test2 -->
  </suite> <!-- Regression  -->
</testng-results>
